<?xml version="1.0" encoding="UTF-8"?>
<!-- Generated by org.testng.reporters.JUnitReportReporter -->
<testsuite hostname="LAPTOP-Q6SRFBAH" name="practice.BasicMaven.HomePage" tests="2" failures="0" timestamp="16 Sep 2019 08:29:50 GMT" time="44.006" errors="0">
  <testcase name="basePageNavigation" time="14.217" classname="practice.BasicMaven.HomePage"/>
  <testcase name="basePageNavigation" time="29.789" classname="practice.BasicMaven.HomePage"/>
</testsuite> <!-- practice.BasicMaven.HomePage -->
