<?xml version="1.0" encoding="UTF-8"?>
<!-- Generated by org.testng.reporters.JUnitReportReporter -->
<testsuite hostname="LAPTOP-Q6SRFBAH" name="practice.BasicMaven.HomePage" tests="2" failures="0" timestamp="16 Sep 2019 15:47:20 GMT" time="34.566" errors="0">
  <testcase name="basePageNavigation" time="22.898" classname="practice.BasicMaven.HomePage"/>
  <testcase name="basePageNavigation" time="11.668" classname="practice.BasicMaven.HomePage"/>
</testsuite> <!-- practice.BasicMaven.HomePage -->
