<?xml version="1.0" encoding="UTF-8"?>
<!-- Generated by org.testng.reporters.JUnitReportReporter -->
<testsuite hostname="LAPTOP-Q6SRFBAH" name="practice.BasicMaven.Validate_Nav_bar" tests="1" failures="0" timestamp="16 Sep 2019 15:47:20 GMT" time="0.925" errors="0">
  <testcase name="validate_navigate_bar" time="0.925" classname="practice.BasicMaven.Validate_Nav_bar"/>
</testsuite> <!-- practice.BasicMaven.Validate_Nav_bar -->
