<?xml version="1.0" encoding="UTF-8"?>
<!-- Generated by org.testng.reporters.JUnitReportReporter -->
<testsuite hostname="LAPTOP-Q6SRFBAH" name="practice.BasicMaven.ValidateTitle" tests="1" failures="0" timestamp="16 Sep 2019 15:47:20 GMT" time="0.422" errors="0">
  <testcase name="ValidateTheTitle" time="0.422" classname="practice.BasicMaven.ValidateTitle"/>
</testsuite> <!-- practice.BasicMaven.ValidateTitle -->
